
*** Running vivado
    with args -log pwm_platform.vds -m64 -product Vivado -mode batch -messageDb vivado.pb -notrace -source pwm_platform.tcl


****** Vivado v2018.3 (64-bit)
  **** SW Build 2405991 on Thu Dec  6 23:38:27 MST 2018
  **** IP Build 2404404 on Fri Dec  7 01:43:56 MST 2018
    ** Copyright 1986-2018 Xilinx, Inc. All Rights Reserved.

source pwm_platform.tcl -notrace
Command: synth_design -top pwm_platform -part xc7z010clg400-1
Starting synth_design
Attempting to get a license for feature 'Synthesis' and/or device 'xc7z010'
INFO: [Common 17-349] Got license for feature 'Synthesis' and/or device 'xc7z010'
INFO: Launching helper process for spawning children vivado processes
INFO: Helper process launched with PID 12636 
---------------------------------------------------------------------------------
Starting RTL Elaboration : Time (s): cpu = 00:00:03 ; elapsed = 00:00:03 . Memory (MB): peak = 420.715 ; gain = 94.777
---------------------------------------------------------------------------------
INFO: [Synth 8-638] synthesizing module 'pwm_platform' [C:/Users/user/VivadoProjects/2018-3/pwm_demo/Vivado/pwm_demo/src/pwm_platform.vhd:18]
	Parameter CAPACITANCE bound to: DONT_CARE - type: string 
	Parameter IBUF_DELAY_VALUE bound to: 0 - type: string 
	Parameter IBUF_LOW_PWR bound to: 1 - type: bool 
	Parameter IFD_DELAY_VALUE bound to: AUTO - type: string 
	Parameter IOSTANDARD bound to: DEFAULT - type: string 
INFO: [Synth 8-113] binding component instance 'sys_clk_buffer' to cell 'IBUF' [C:/Users/user/VivadoProjects/2018-3/pwm_demo/Vivado/pwm_demo/src/pwm_platform.vhd:75]
INFO: [Synth 8-113] binding component instance 'clk_gbuffer' to cell 'BUFG' [C:/Users/user/VivadoProjects/2018-3/pwm_demo/Vivado/pwm_demo/src/pwm_platform.vhd:81]
	Parameter CAPACITANCE bound to: DONT_CARE - type: string 
	Parameter IBUF_DELAY_VALUE bound to: 0 - type: string 
	Parameter IBUF_LOW_PWR bound to: 1 - type: bool 
	Parameter IFD_DELAY_VALUE bound to: AUTO - type: string 
	Parameter IOSTANDARD bound to: DEFAULT - type: string 
INFO: [Synth 8-113] binding component instance 'external_button_ibuf' to cell 'IBUF' [C:/Users/user/VivadoProjects/2018-3/pwm_demo/Vivado/pwm_demo/src/pwm_platform.vhd:93]
	Parameter CAPACITANCE bound to: DONT_CARE - type: string 
	Parameter DRIVE bound to: 12 - type: integer 
	Parameter IOSTANDARD bound to: DEFAULT - type: string 
	Parameter SLEW bound to: SLOW - type: string 
INFO: [Synth 8-113] binding component instance 'pwm_channel_obuf' to cell 'OBUF' [C:/Users/user/VivadoProjects/2018-3/pwm_demo/Vivado/pwm_demo/src/pwm_platform.vhd:100]
	Parameter CAPACITANCE bound to: DONT_CARE - type: string 
	Parameter DRIVE bound to: 12 - type: integer 
	Parameter IOSTANDARD bound to: DEFAULT - type: string 
	Parameter SLEW bound to: SLOW - type: string 
INFO: [Synth 8-113] binding component instance 'pwm_channel_obuf' to cell 'OBUF' [C:/Users/user/VivadoProjects/2018-3/pwm_demo/Vivado/pwm_demo/src/pwm_platform.vhd:100]
	Parameter CAPACITANCE bound to: DONT_CARE - type: string 
	Parameter DRIVE bound to: 12 - type: integer 
	Parameter IOSTANDARD bound to: DEFAULT - type: string 
	Parameter SLEW bound to: SLOW - type: string 
INFO: [Synth 8-113] binding component instance 'pwm_channel_obuf' to cell 'OBUF' [C:/Users/user/VivadoProjects/2018-3/pwm_demo/Vivado/pwm_demo/src/pwm_platform.vhd:100]
	Parameter CAPACITANCE bound to: DONT_CARE - type: string 
	Parameter DRIVE bound to: 12 - type: integer 
	Parameter IOSTANDARD bound to: DEFAULT - type: string 
	Parameter SLEW bound to: SLOW - type: string 
INFO: [Synth 8-113] binding component instance 'pwm_channel_obuf' to cell 'OBUF' [C:/Users/user/VivadoProjects/2018-3/pwm_demo/Vivado/pwm_demo/src/pwm_platform.vhd:100]
	Parameter BANDWIDTH bound to: OPTIMIZED - type: string 
	Parameter CLKFBOUT_MULT_F bound to: 8.000000 - type: float 
	Parameter CLKFBOUT_PHASE bound to: 0.000000 - type: float 
	Parameter CLKFBOUT_USE_FINE_PS bound to: 0 - type: bool 
	Parameter CLKIN1_PERIOD bound to: 10.000000 - type: float 
	Parameter CLKIN2_PERIOD bound to: 10.000000 - type: float 
	Parameter CLKOUT0_DIVIDE_F bound to: 1.000000 - type: float 
	Parameter CLKOUT0_DUTY_CYCLE bound to: 0.500000 - type: float 
	Parameter CLKOUT0_PHASE bound to: 0.000000 - type: float 
	Parameter CLKOUT0_USE_FINE_PS bound to: 0 - type: bool 
	Parameter CLKOUT1_DIVIDE bound to: 8 - type: integer 
	Parameter CLKOUT1_DUTY_CYCLE bound to: 0.500000 - type: float 
	Parameter CLKOUT1_PHASE bound to: 0.000000 - type: float 
	Parameter CLKOUT1_USE_FINE_PS bound to: 0 - type: bool 
	Parameter CLKOUT2_DIVIDE bound to: 4 - type: integer 
	Parameter CLKOUT2_DUTY_CYCLE bound to: 0.500000 - type: float 
	Parameter CLKOUT2_PHASE bound to: 0.000000 - type: float 
	Parameter CLKOUT2_USE_FINE_PS bound to: 0 - type: bool 
	Parameter CLKOUT3_DIVIDE bound to: 1 - type: integer 
	Parameter CLKOUT3_DUTY_CYCLE bound to: 0.500000 - type: float 
	Parameter CLKOUT3_PHASE bound to: 0.000000 - type: float 
	Parameter CLKOUT3_USE_FINE_PS bound to: 0 - type: bool 
	Parameter CLKOUT4_CASCADE bound to: 0 - type: bool 
	Parameter CLKOUT4_DIVIDE bound to: 1 - type: integer 
	Parameter CLKOUT4_DUTY_CYCLE bound to: 0.500000 - type: float 
	Parameter CLKOUT4_PHASE bound to: 0.000000 - type: float 
	Parameter CLKOUT4_USE_FINE_PS bound to: 0 - type: bool 
	Parameter CLKOUT5_DIVIDE bound to: 1 - type: integer 
	Parameter CLKOUT5_DUTY_CYCLE bound to: 0.500000 - type: float 
	Parameter CLKOUT5_PHASE bound to: 0.000000 - type: float 
	Parameter CLKOUT5_USE_FINE_PS bound to: 0 - type: bool 
	Parameter CLKOUT6_DIVIDE bound to: 1 - type: integer 
	Parameter CLKOUT6_DUTY_CYCLE bound to: 0.500000 - type: float 
	Parameter CLKOUT6_PHASE bound to: 0.000000 - type: float 
	Parameter CLKOUT6_USE_FINE_PS bound to: 0 - type: bool 
	Parameter COMPENSATION bound to: ZHOLD - type: string 
	Parameter DIVCLK_DIVIDE bound to: 1 - type: integer 
	Parameter IS_CLKINSEL_INVERTED bound to: 1'b0 
	Parameter IS_PSEN_INVERTED bound to: 1'b0 
	Parameter IS_PSINCDEC_INVERTED bound to: 1'b0 
	Parameter IS_PWRDWN_INVERTED bound to: 1'b0 
	Parameter IS_RST_INVERTED bound to: 1'b0 
	Parameter REF_JITTER1 bound to: 0.000000 - type: float 
	Parameter REF_JITTER2 bound to: 0.000000 - type: float 
	Parameter SS_EN bound to: FALSE - type: string 
	Parameter SS_MODE bound to: CENTER_HIGH - type: string 
	Parameter SS_MOD_PERIOD bound to: 10000 - type: integer 
	Parameter STARTUP_WAIT bound to: 0 - type: bool 
INFO: [Synth 8-113] binding component instance 'MMCM_ADV' to cell 'MMCME2_ADV' [C:/Users/user/VivadoProjects/2018-3/pwm_demo/Vivado/pwm_demo/src/pwm_platform.vhd:107]
INFO: [Synth 8-3491] module 'dds_compiler_0' declared at 'C:/Users/user/VivadoProjects/2018-3/pwm_demo/Vivado/pwm_demo/pwm_demo.runs/synth_1/.Xil/Vivado-6804-DESKTOP-6SKDS4P/realtime/dds_compiler_0_stub.vhdl:5' bound to instance 'sinegen' of component 'dds_compiler_0' [C:/Users/user/VivadoProjects/2018-3/pwm_demo/Vivado/pwm_demo/src/pwm_platform.vhd:140]
INFO: [Synth 8-638] synthesizing module 'dds_compiler_0' [C:/Users/user/VivadoProjects/2018-3/pwm_demo/Vivado/pwm_demo/pwm_demo.runs/synth_1/.Xil/Vivado-6804-DESKTOP-6SKDS4P/realtime/dds_compiler_0_stub.vhdl:16]
INFO: [Synth 8-226] default block is never used [C:/Users/user/VivadoProjects/2018-3/pwm_demo/Vivado/pwm_demo/src/pwm_platform.vhd:192]
INFO: [Synth 8-3491] module 'pwm_l' declared at 'C:/Users/user/VivadoProjects/2018-3/pwm_demo/Vivado/pwm_demo/src/pwm_l.vhd:6' bound to instance 'left_pwm_1channel' of component 'pwm_l' [C:/Users/user/VivadoProjects/2018-3/pwm_demo/Vivado/pwm_demo/src/pwm_platform.vhd:205]
INFO: [Synth 8-638] synthesizing module 'pwm_l' [C:/Users/user/VivadoProjects/2018-3/pwm_demo/Vivado/pwm_demo/src/pwm_l.vhd:18]
INFO: [Synth 8-256] done synthesizing module 'pwm_l' (1#1) [C:/Users/user/VivadoProjects/2018-3/pwm_demo/Vivado/pwm_demo/src/pwm_l.vhd:18]
INFO: [Synth 8-3491] module 'pwm_c' declared at 'C:/Users/user/VivadoProjects/2018-3/pwm_demo/Vivado/pwm_demo/src/pwm_c.vhd:6' bound to instance 'centered_pwm_1channel' of component 'pwm_c' [C:/Users/user/VivadoProjects/2018-3/pwm_demo/Vivado/pwm_demo/src/pwm_platform.vhd:216]
INFO: [Synth 8-638] synthesizing module 'pwm_c' [C:/Users/user/VivadoProjects/2018-3/pwm_demo/Vivado/pwm_demo/src/pwm_c.vhd:18]
INFO: [Synth 8-256] done synthesizing module 'pwm_c' (2#1) [C:/Users/user/VivadoProjects/2018-3/pwm_demo/Vivado/pwm_demo/src/pwm_c.vhd:18]
WARNING: [Synth 8-6014] Unused sequential element ref_reset_reg was removed.  [C:/Users/user/VivadoProjects/2018-3/pwm_demo/Vivado/pwm_demo/src/pwm_platform.vhd:183]
WARNING: [Synth 8-6014] Unused sequential element stage_reg was removed.  [C:/Users/user/VivadoProjects/2018-3/pwm_demo/Vivado/pwm_demo/src/pwm_platform.vhd:182]
INFO: [Synth 8-256] done synthesizing module 'pwm_platform' (3#1) [C:/Users/user/VivadoProjects/2018-3/pwm_demo/Vivado/pwm_demo/src/pwm_platform.vhd:18]
---------------------------------------------------------------------------------
Finished RTL Elaboration : Time (s): cpu = 00:00:04 ; elapsed = 00:00:04 . Memory (MB): peak = 476.648 ; gain = 150.711
---------------------------------------------------------------------------------

Report Check Netlist: 
+------+------------------+-------+---------+-------+------------------+
|      |Item              |Errors |Warnings |Status |Description       |
+------+------------------+-------+---------+-------+------------------+
|1     |multi_driven_nets |      0|        0|Passed |Multi driven nets |
+------+------------------+-------+---------+-------+------------------+
---------------------------------------------------------------------------------
Start Handling Custom Attributes
---------------------------------------------------------------------------------
---------------------------------------------------------------------------------
Finished Handling Custom Attributes : Time (s): cpu = 00:00:04 ; elapsed = 00:00:04 . Memory (MB): peak = 476.648 ; gain = 150.711
---------------------------------------------------------------------------------
---------------------------------------------------------------------------------
Finished RTL Optimization Phase 1 : Time (s): cpu = 00:00:04 ; elapsed = 00:00:04 . Memory (MB): peak = 476.648 ; gain = 150.711
---------------------------------------------------------------------------------
INFO: [Netlist 29-17] Analyzing 1 Unisim elements for replacement
INFO: [Netlist 29-28] Unisim Transformation completed in 0 CPU seconds
INFO: [Device 21-403] Loading part xc7z010clg400-1
INFO: [Project 1-570] Preparing netlist for logic optimization

Processing XDC Constraints
Initializing timing engine
Parsing XDC File [c:/Users/user/VivadoProjects/2018-3/pwm_demo/Vivado/pwm_demo/ip/dds_compiler_0_1/dds_compiler_0/dds_compiler_0_in_context.xdc] for cell 'sinegen'
Finished Parsing XDC File [c:/Users/user/VivadoProjects/2018-3/pwm_demo/Vivado/pwm_demo/ip/dds_compiler_0_1/dds_compiler_0/dds_compiler_0_in_context.xdc] for cell 'sinegen'
Parsing XDC File [C:/Users/user/VivadoProjects/2018-3/pwm_demo/Vivado/pwm_demo/Zybo_board.xdc]
Finished Parsing XDC File [C:/Users/user/VivadoProjects/2018-3/pwm_demo/Vivado/pwm_demo/Zybo_board.xdc]
INFO: [Project 1-236] Implementation specific constraints were found while reading constraint file [C:/Users/user/VivadoProjects/2018-3/pwm_demo/Vivado/pwm_demo/Zybo_board.xdc]. These constraints will be ignored for synthesis but will be used in implementation. Impacted constraints are listed in the file [.Xil/pwm_platform_propImpl.xdc].
Resolution: To avoid this warning, move constraints listed in [.Xil/pwm_platform_propImpl.xdc] to another XDC file and exclude this new file from synthesis with the used_in_synthesis property (File Properties dialog in GUI) and re-run elaboration/synthesis.
INFO: [Timing 38-2] Deriving generated clocks
Netlist sorting complete. Time (s): cpu = 00:00:00 ; elapsed = 00:00:00 . Memory (MB): peak = 807.402 ; gain = 0.000
Completed Processing XDC Constraints

Netlist sorting complete. Time (s): cpu = 00:00:00 ; elapsed = 00:00:00.001 . Memory (MB): peak = 807.402 ; gain = 0.000
INFO: [Project 1-111] Unisim Transformation Summary:
No Unisim elements were transformed.

Netlist sorting complete. Time (s): cpu = 00:00:00 ; elapsed = 00:00:00 . Memory (MB): peak = 807.402 ; gain = 0.000
Constraint Validation Runtime : Time (s): cpu = 00:00:00 ; elapsed = 00:00:00.003 . Memory (MB): peak = 807.402 ; gain = 0.000
---------------------------------------------------------------------------------
Finished Constraint Validation : Time (s): cpu = 00:00:13 ; elapsed = 00:00:14 . Memory (MB): peak = 807.402 ; gain = 481.465
---------------------------------------------------------------------------------
---------------------------------------------------------------------------------
Start Loading Part and Timing Information
---------------------------------------------------------------------------------
Loading part: xc7z010clg400-1
---------------------------------------------------------------------------------
Finished Loading Part and Timing Information : Time (s): cpu = 00:00:13 ; elapsed = 00:00:14 . Memory (MB): peak = 807.402 ; gain = 481.465
---------------------------------------------------------------------------------
---------------------------------------------------------------------------------
Start Applying 'set_property' XDC Constraints
---------------------------------------------------------------------------------
Applied set_property MARK_DEBUG = true for clk_mmcm_1. (constraint file  C:/Users/user/VivadoProjects/2018-3/pwm_demo/Vivado/pwm_demo/Zybo_board.xdc, line 150).
Applied set_property MARK_DEBUG = true for sync_resolution_button_state. (constraint file  C:/Users/user/VivadoProjects/2018-3/pwm_demo/Vivado/pwm_demo/Zybo_board.xdc, line 151).
Applied set_property MARK_DEBUG = true for pwm_channels_0. (constraint file  C:/Users/user/VivadoProjects/2018-3/pwm_demo/Vivado/pwm_demo/Zybo_board.xdc, line 152).
Applied set_property MARK_DEBUG = true for pwm_channels_2. (constraint file  C:/Users/user/VivadoProjects/2018-3/pwm_demo/Vivado/pwm_demo/Zybo_board.xdc, line 153).
Applied set_property DONT_TOUCH = true for sinegen. (constraint file  auto generated constraint, line ).
---------------------------------------------------------------------------------
Finished applying 'set_property' XDC Constraints : Time (s): cpu = 00:00:13 ; elapsed = 00:00:15 . Memory (MB): peak = 807.402 ; gain = 481.465
---------------------------------------------------------------------------------
INFO: [Synth 8-6071] Mark debug on the nets applies keep_hierarchy on instance 'left_pwm_1channel'. This will prevent further optimization [C:/Users/user/VivadoProjects/2018-3/pwm_demo/Vivado/pwm_demo/src/pwm_platform.vhd:205]
INFO: [Synth 8-6071] Mark debug on the nets applies keep_hierarchy on instance 'centered_pwm_1channel'. This will prevent further optimization [C:/Users/user/VivadoProjects/2018-3/pwm_demo/Vivado/pwm_demo/src/pwm_platform.vhd:216]
---------------------------------------------------------------------------------
Finished RTL Optimization Phase 2 : Time (s): cpu = 00:00:14 ; elapsed = 00:00:15 . Memory (MB): peak = 807.402 ; gain = 481.465
---------------------------------------------------------------------------------

Report RTL Partitions: 
+-+--------------+------------+----------+
| |RTL Partition |Replication |Instances |
+-+--------------+------------+----------+
+-+--------------+------------+----------+
---------------------------------------------------------------------------------
Start RTL Component Statistics 
---------------------------------------------------------------------------------
Detailed RTL Component Info : 
+---Adders : 
	   3 Input     16 Bit       Adders := 1     
	   2 Input     16 Bit       Adders := 2     
+---Registers : 
	               16 Bit    Registers := 2     
	                1 Bit    Registers := 8     
+---Muxes : 
	   2 Input     16 Bit        Muxes := 2     
	   2 Input      1 Bit        Muxes := 4     
---------------------------------------------------------------------------------
Finished RTL Component Statistics 
---------------------------------------------------------------------------------
---------------------------------------------------------------------------------
Start RTL Hierarchical Component Statistics 
---------------------------------------------------------------------------------
Hierarchical RTL Component report 
Module pwm_platform 
Detailed RTL Component Info : 
+---Adders : 
	   2 Input     16 Bit       Adders := 1     
+---Registers : 
	               16 Bit    Registers := 2     
	                1 Bit    Registers := 3     
Module pwm_l 
Detailed RTL Component Info : 
+---Registers : 
	                1 Bit    Registers := 2     
Module pwm_c 
Detailed RTL Component Info : 
+---Adders : 
	   3 Input     16 Bit       Adders := 1     
	   2 Input     16 Bit       Adders := 1     
+---Registers : 
	                1 Bit    Registers := 3     
+---Muxes : 
	   2 Input     16 Bit        Muxes := 2     
	   2 Input      1 Bit        Muxes := 4     
---------------------------------------------------------------------------------
Finished RTL Hierarchical Component Statistics
---------------------------------------------------------------------------------
---------------------------------------------------------------------------------
Start Part Resource Summary
---------------------------------------------------------------------------------
Part Resources:
DSPs: 80 (col length:40)
BRAMs: 120 (col length: RAMB18 40 RAMB36 20)
---------------------------------------------------------------------------------
Finished Part Resource Summary
---------------------------------------------------------------------------------
---------------------------------------------------------------------------------
Start Cross Boundary and Area Optimization
---------------------------------------------------------------------------------
Warning: Parallel synthesis criteria is not met 
INFO: [Synth 8-3333] propagating constant 0 across sequential element (ref_reset_reg)
INFO: [Synth 8-3886] merging instance 'pwm_ref_step_reg[0]' (FD) to 'pwm_ref_step_reg[9]'
INFO: [Synth 8-3886] merging instance 'pwm_ref_step_reg[1]' (FD) to 'pwm_ref_step_reg[9]'
INFO: [Synth 8-3886] merging instance 'pwm_ref_step_reg[2]' (FD) to 'pwm_ref_step_reg[15]'
INFO: [Synth 8-3886] merging instance 'pwm_ref_step_reg[3]' (FD) to 'pwm_ref_step_reg[15]'
INFO: [Synth 8-3886] merging instance 'pwm_ref_step_reg[4]' (FD) to 'pwm_ref_step_reg[15]'
INFO: [Synth 8-3886] merging instance 'pwm_ref_step_reg[5]' (FD) to 'pwm_ref_step_reg[15]'
INFO: [Synth 8-3886] merging instance 'pwm_ref_step_reg[6]' (FD) to 'pwm_ref_step_reg[15]'
INFO: [Synth 8-3886] merging instance 'pwm_ref_step_reg[7]' (FD) to 'pwm_ref_step_reg[15]'
INFO: [Synth 8-3886] merging instance 'pwm_ref_step_reg[8]' (FD) to 'pwm_ref_step_reg[9]'
INFO: [Synth 8-3886] merging instance 'pwm_ref_step_reg[10]' (FD) to 'pwm_ref_step_reg[15]'
INFO: [Synth 8-3886] merging instance 'pwm_ref_step_reg[11]' (FD) to 'pwm_ref_step_reg[15]'
INFO: [Synth 8-3886] merging instance 'pwm_ref_step_reg[12]' (FD) to 'pwm_ref_step_reg[15]'
INFO: [Synth 8-3886] merging instance 'pwm_ref_step_reg[13]' (FD) to 'pwm_ref_step_reg[15]'
INFO: [Synth 8-3886] merging instance 'pwm_ref_step_reg[14]' (FD) to 'pwm_ref_step_reg[15]'
INFO: [Synth 8-3333] propagating constant 0 across sequential element (\pwm_ref_step_reg[15] )
---------------------------------------------------------------------------------
Finished Cross Boundary and Area Optimization : Time (s): cpu = 00:00:15 ; elapsed = 00:00:16 . Memory (MB): peak = 807.402 ; gain = 481.465
---------------------------------------------------------------------------------

Report RTL Partitions: 
+-+--------------+------------+----------+
| |RTL Partition |Replication |Instances |
+-+--------------+------------+----------+
+-+--------------+------------+----------+
---------------------------------------------------------------------------------
Start Applying XDC Timing Constraints
---------------------------------------------------------------------------------
---------------------------------------------------------------------------------
Finished Applying XDC Timing Constraints : Time (s): cpu = 00:00:25 ; elapsed = 00:00:26 . Memory (MB): peak = 807.402 ; gain = 481.465
---------------------------------------------------------------------------------
---------------------------------------------------------------------------------
Start Timing Optimization
---------------------------------------------------------------------------------
---------------------------------------------------------------------------------
Finished Timing Optimization : Time (s): cpu = 00:00:25 ; elapsed = 00:00:26 . Memory (MB): peak = 829.859 ; gain = 503.922
---------------------------------------------------------------------------------

Report RTL Partitions: 
+-+--------------+------------+----------+
| |RTL Partition |Replication |Instances |
+-+--------------+------------+----------+
+-+--------------+------------+----------+
---------------------------------------------------------------------------------
Start Technology Mapping
---------------------------------------------------------------------------------
---------------------------------------------------------------------------------
Finished Technology Mapping : Time (s): cpu = 00:00:25 ; elapsed = 00:00:27 . Memory (MB): peak = 829.859 ; gain = 503.922
---------------------------------------------------------------------------------

Report RTL Partitions: 
+-+--------------+------------+----------+
| |RTL Partition |Replication |Instances |
+-+--------------+------------+----------+
+-+--------------+------------+----------+
---------------------------------------------------------------------------------
Start IO Insertion
---------------------------------------------------------------------------------
---------------------------------------------------------------------------------
Start Flattening Before IO Insertion
---------------------------------------------------------------------------------
---------------------------------------------------------------------------------
Finished Flattening Before IO Insertion
---------------------------------------------------------------------------------
---------------------------------------------------------------------------------
Start Final Netlist Cleanup
---------------------------------------------------------------------------------
---------------------------------------------------------------------------------
Finished Final Netlist Cleanup
---------------------------------------------------------------------------------
WARNING: [Synth 8-5396] Clock pin C has keep related attribute (keep/mark_debug/dont_touch) which could create extra logic on its net [C:/Users/user/VivadoProjects/2018-3/pwm_demo/Vivado/pwm_demo/src/pwm_platform.vhd:167]
WARNING: [Synth 8-5396] Clock pin C has keep related attribute (keep/mark_debug/dont_touch) which could create extra logic on its net [C:/Users/user/VivadoProjects/2018-3/pwm_demo/Vivado/pwm_demo/src/pwm_platform.vhd:194]
---------------------------------------------------------------------------------
Finished IO Insertion : Time (s): cpu = 00:00:27 ; elapsed = 00:00:28 . Memory (MB): peak = 829.859 ; gain = 503.922
---------------------------------------------------------------------------------

Report Check Netlist: 
+------+------------------+-------+---------+-------+------------------+
|      |Item              |Errors |Warnings |Status |Description       |
+------+------------------+-------+---------+-------+------------------+
|1     |multi_driven_nets |      0|        0|Passed |Multi driven nets |
+------+------------------+-------+---------+-------+------------------+
---------------------------------------------------------------------------------
Start Renaming Generated Instances
---------------------------------------------------------------------------------
---------------------------------------------------------------------------------
Finished Renaming Generated Instances : Time (s): cpu = 00:00:27 ; elapsed = 00:00:28 . Memory (MB): peak = 829.859 ; gain = 503.922
---------------------------------------------------------------------------------

Report RTL Partitions: 
+-+--------------+------------+----------+
| |RTL Partition |Replication |Instances |
+-+--------------+------------+----------+
+-+--------------+------------+----------+
---------------------------------------------------------------------------------
Start Rebuilding User Hierarchy
---------------------------------------------------------------------------------
---------------------------------------------------------------------------------
Finished Rebuilding User Hierarchy : Time (s): cpu = 00:00:27 ; elapsed = 00:00:28 . Memory (MB): peak = 829.859 ; gain = 503.922
---------------------------------------------------------------------------------
---------------------------------------------------------------------------------
Start Renaming Generated Ports
---------------------------------------------------------------------------------
---------------------------------------------------------------------------------
Finished Renaming Generated Ports : Time (s): cpu = 00:00:27 ; elapsed = 00:00:28 . Memory (MB): peak = 829.859 ; gain = 503.922
---------------------------------------------------------------------------------
---------------------------------------------------------------------------------
Start Handling Custom Attributes
---------------------------------------------------------------------------------
---------------------------------------------------------------------------------
Finished Handling Custom Attributes : Time (s): cpu = 00:00:27 ; elapsed = 00:00:28 . Memory (MB): peak = 829.859 ; gain = 503.922
---------------------------------------------------------------------------------
---------------------------------------------------------------------------------
Start Renaming Generated Nets
---------------------------------------------------------------------------------
---------------------------------------------------------------------------------
Finished Renaming Generated Nets : Time (s): cpu = 00:00:27 ; elapsed = 00:00:28 . Memory (MB): peak = 829.859 ; gain = 503.922
---------------------------------------------------------------------------------
---------------------------------------------------------------------------------
Start Writing Synthesis Report
---------------------------------------------------------------------------------

Report BlackBoxes: 
+------+---------------+----------+
|      |BlackBox name  |Instances |
+------+---------------+----------+
|1     |dds_compiler_0 |         1|
+------+---------------+----------+

Report Cell Usage: 
+------+----------------------+------+
|      |Cell                  |Count |
+------+----------------------+------+
|1     |dds_compiler_0_bbox_0 |     1|
|2     |BUFG                  |     1|
|3     |CARRY4                |    20|
|4     |LUT1                  |     1|
|5     |LUT2                  |    68|
|6     |LUT4                  |    45|
|7     |LUT5                  |     2|
|8     |LUT6                  |    17|
|9     |MMCME2_ADV            |     1|
|10    |FDRE                  |    56|
|11    |IBUF                  |     2|
|12    |OBUF                  |     4|
+------+----------------------+------+

Report Instance Areas: 
+------+------------------------+-------+------+
|      |Instance                |Module |Cells |
+------+------------------------+-------+------+
|1     |top                     |       |   251|
|2     |  left_pwm_1channel     |pwm_l  |    58|
|3     |  centered_pwm_1channel |pwm_c  |   130|
+------+------------------------+-------+------+
---------------------------------------------------------------------------------
Finished Writing Synthesis Report : Time (s): cpu = 00:00:27 ; elapsed = 00:00:28 . Memory (MB): peak = 829.859 ; gain = 503.922
---------------------------------------------------------------------------------
Synthesis finished with 0 errors, 0 critical warnings and 2 warnings.
Synthesis Optimization Runtime : Time (s): cpu = 00:00:16 ; elapsed = 00:00:21 . Memory (MB): peak = 829.859 ; gain = 173.168
Synthesis Optimization Complete : Time (s): cpu = 00:00:27 ; elapsed = 00:00:28 . Memory (MB): peak = 829.859 ; gain = 503.922
INFO: [Project 1-571] Translating synthesized netlist
INFO: [Netlist 29-17] Analyzing 21 Unisim elements for replacement
INFO: [Netlist 29-28] Unisim Transformation completed in 0 CPU seconds
INFO: [Project 1-570] Preparing netlist for logic optimization
INFO: [Opt 31-138] Pushed 0 inverter(s) to 0 load pin(s).
Netlist sorting complete. Time (s): cpu = 00:00:00 ; elapsed = 00:00:00.001 . Memory (MB): peak = 835.328 ; gain = 0.000
INFO: [Project 1-111] Unisim Transformation Summary:
No Unisim elements were transformed.

INFO: [Common 17-83] Releasing license: Synthesis
52 Infos, 4 Warnings, 0 Critical Warnings and 0 Errors encountered.
synth_design completed successfully
synth_design: Time (s): cpu = 00:00:29 ; elapsed = 00:00:30 . Memory (MB): peak = 835.328 ; gain = 520.863
INFO: [Common 17-600] The following parameters have non-default value.
tcl.collectionResultDisplayLimit
Netlist sorting complete. Time (s): cpu = 00:00:00 ; elapsed = 00:00:00.001 . Memory (MB): peak = 835.328 ; gain = 0.000
WARNING: [Constraints 18-5210] No constraints selected for write.
Resolution: This message can indicate that there are no constraints for the design, or it can indicate that the used_in flags are set such that the constraints are ignored. This later case is used when running synth_design to not write synthesis constraints to the resulting checkpoint. Instead, project constraints are read when the synthesized design is opened.
INFO: [Common 17-1381] The checkpoint 'C:/Users/user/VivadoProjects/2018-3/pwm_demo/Vivado/pwm_demo/pwm_demo.runs/synth_1/pwm_platform.dcp' has been generated.
INFO: [runtcl-4] Executing : report_utilization -file pwm_platform_utilization_synth.rpt -pb pwm_platform_utilization_synth.pb
INFO: [Common 17-206] Exiting Vivado at Fri Jun 14 17:57:03 2024...
