
*** Running vivado
    with args -log dds_compiler_0.vds -m64 -product Vivado -mode batch -messageDb vivado.pb -notrace -source dds_compiler_0.tcl


****** Vivado v2018.3 (64-bit)
  **** SW Build 2405991 on Thu Dec  6 23:38:27 MST 2018
  **** IP Build 2404404 on Fri Dec  7 01:43:56 MST 2018
    ** Copyright 1986-2018 Xilinx, Inc. All Rights Reserved.

source dds_compiler_0.tcl -notrace
Command: synth_design -top dds_compiler_0 -part xc7z020clg400-2 -mode out_of_context
Starting synth_design
Attempting to get a license for feature 'Synthesis' and/or device 'xc7z020'
INFO: [Common 17-349] Got license for feature 'Synthesis' and/or device 'xc7z020'
INFO: Launching helper process for spawning children vivado processes
INFO: Helper process launched with PID 8624 
---------------------------------------------------------------------------------
Starting RTL Elaboration : Time (s): cpu = 00:00:06 ; elapsed = 00:00:07 . Memory (MB): peak = 419.898 ; gain = 94.730
---------------------------------------------------------------------------------
INFO: [Synth 8-638] synthesizing module 'dds_compiler_0' [c:/Users/user/VivadoProjects/2018-3/pwm_demo/ip/dds_compiler_0_1/synth/dds_compiler_0.vhd:69]
WARNING: [Synth 8-5640] Port 'debug_axi_pinc_in' is missing in component declaration [c:/Users/user/VivadoProjects/2018-3/pwm_demo/ip/dds_compiler_0_1/synth/dds_compiler_0.vhd:72]
WARNING: [Synth 8-5640] Port 'debug_axi_poff_in' is missing in component declaration [c:/Users/user/VivadoProjects/2018-3/pwm_demo/ip/dds_compiler_0_1/synth/dds_compiler_0.vhd:72]
WARNING: [Synth 8-5640] Port 'debug_axi_resync_in' is missing in component declaration [c:/Users/user/VivadoProjects/2018-3/pwm_demo/ip/dds_compiler_0_1/synth/dds_compiler_0.vhd:72]
WARNING: [Synth 8-5640] Port 'debug_axi_chan_in' is missing in component declaration [c:/Users/user/VivadoProjects/2018-3/pwm_demo/ip/dds_compiler_0_1/synth/dds_compiler_0.vhd:72]
WARNING: [Synth 8-5640] Port 'debug_core_nd' is missing in component declaration [c:/Users/user/VivadoProjects/2018-3/pwm_demo/ip/dds_compiler_0_1/synth/dds_compiler_0.vhd:72]
WARNING: [Synth 8-5640] Port 'debug_phase' is missing in component declaration [c:/Users/user/VivadoProjects/2018-3/pwm_demo/ip/dds_compiler_0_1/synth/dds_compiler_0.vhd:72]
WARNING: [Synth 8-5640] Port 'debug_phase_nd' is missing in component declaration [c:/Users/user/VivadoProjects/2018-3/pwm_demo/ip/dds_compiler_0_1/synth/dds_compiler_0.vhd:72]
	Parameter C_XDEVICEFAMILY bound to: zynq - type: string 
	Parameter C_MODE_OF_OPERATION bound to: 0 - type: integer 
	Parameter C_MODULUS bound to: 9 - type: integer 
	Parameter C_ACCUMULATOR_WIDTH bound to: 16 - type: integer 
	Parameter C_CHANNELS bound to: 1 - type: integer 
	Parameter C_HAS_PHASE_OUT bound to: 1 - type: integer 
	Parameter C_HAS_PHASEGEN bound to: 1 - type: integer 
	Parameter C_HAS_SINCOS bound to: 1 - type: integer 
	Parameter C_LATENCY bound to: 7 - type: integer 
	Parameter C_MEM_TYPE bound to: 1 - type: integer 
	Parameter C_NEGATIVE_COSINE bound to: 0 - type: integer 
	Parameter C_NEGATIVE_SINE bound to: 0 - type: integer 
	Parameter C_NOISE_SHAPING bound to: 0 - type: integer 
	Parameter C_OUTPUTS_REQUIRED bound to: 0 - type: integer 
	Parameter C_OUTPUT_FORM bound to: 0 - type: integer 
	Parameter C_OUTPUT_WIDTH bound to: 16 - type: integer 
	Parameter C_PHASE_ANGLE_WIDTH bound to: 16 - type: integer 
	Parameter C_PHASE_INCREMENT bound to: 2 - type: integer 
	Parameter C_PHASE_INCREMENT_VALUE bound to: 1010,0,0,0,0,0,0,0,0,0,0,0,0,0,0,0 - type: string 
	Parameter C_RESYNC bound to: 0 - type: integer 
	Parameter C_PHASE_OFFSET bound to: 0 - type: integer 
	Parameter C_PHASE_OFFSET_VALUE bound to: 0,0,0,0,0,0,0,0,0,0,0,0,0,0,0,0 - type: string 
	Parameter C_OPTIMISE_GOAL bound to: 0 - type: integer 
	Parameter C_USE_DSP48 bound to: 0 - type: integer 
	Parameter C_POR_MODE bound to: 0 - type: integer 
	Parameter C_AMPLITUDE bound to: 0 - type: integer 
	Parameter C_HAS_ACLKEN bound to: 0 - type: integer 
	Parameter C_HAS_ARESETN bound to: 0 - type: integer 
	Parameter C_HAS_TLAST bound to: 0 - type: integer 
	Parameter C_HAS_TREADY bound to: 0 - type: integer 
	Parameter C_HAS_S_PHASE bound to: 0 - type: integer 
	Parameter C_S_PHASE_TDATA_WIDTH bound to: 1 - type: integer 
	Parameter C_S_PHASE_HAS_TUSER bound to: 0 - type: integer 
	Parameter C_S_PHASE_TUSER_WIDTH bound to: 1 - type: integer 
	Parameter C_HAS_S_CONFIG bound to: 0 - type: integer 
	Parameter C_S_CONFIG_SYNC_MODE bound to: 0 - type: integer 
	Parameter C_S_CONFIG_TDATA_WIDTH bound to: 1 - type: integer 
	Parameter C_HAS_M_DATA bound to: 1 - type: integer 
	Parameter C_M_DATA_TDATA_WIDTH bound to: 16 - type: integer 
	Parameter C_M_DATA_HAS_TUSER bound to: 0 - type: integer 
	Parameter C_M_DATA_TUSER_WIDTH bound to: 1 - type: integer 
	Parameter C_HAS_M_PHASE bound to: 1 - type: integer 
	Parameter C_M_PHASE_TDATA_WIDTH bound to: 16 - type: integer 
	Parameter C_M_PHASE_HAS_TUSER bound to: 0 - type: integer 
	Parameter C_M_PHASE_TUSER_WIDTH bound to: 1 - type: integer 
	Parameter C_DEBUG_INTERFACE bound to: 0 - type: integer 
	Parameter C_CHAN_WIDTH bound to: 1 - type: integer 
INFO: [Synth 8-3491] module 'dds_compiler_v6_0_17' declared at 'c:/Users/user/VivadoProjects/2018-3/pwm_demo/ip/dds_compiler_0_1/hdl/dds_compiler_v6_0_vh_rfs.vhd:47292' bound to instance 'U0' of component 'dds_compiler_v6_0_17' [c:/Users/user/VivadoProjects/2018-3/pwm_demo/ip/dds_compiler_0_1/synth/dds_compiler_0.vhd:174]
INFO: [Synth 8-256] done synthesizing module 'dds_compiler_0' (9#1) [c:/Users/user/VivadoProjects/2018-3/pwm_demo/ip/dds_compiler_0_1/synth/dds_compiler_0.vhd:69]
WARNING: [Synth 8-3331] design xbip_pipe_v3_0_5_viv has unconnected port SSET
WARNING: [Synth 8-3331] design xbip_pipe_v3_0_5_viv has unconnected port SINIT
WARNING: [Synth 8-3331] design xbip_pipe_v3_0_5_viv__parameterized9 has unconnected port CLK
WARNING: [Synth 8-3331] design xbip_pipe_v3_0_5_viv__parameterized9 has unconnected port CE
WARNING: [Synth 8-3331] design xbip_pipe_v3_0_5_viv__parameterized9 has unconnected port SCLR
WARNING: [Synth 8-3331] design xbip_pipe_v3_0_5_viv__parameterized9 has unconnected port SSET
WARNING: [Synth 8-3331] design xbip_pipe_v3_0_5_viv__parameterized9 has unconnected port SINIT
WARNING: [Synth 8-3331] design xbip_pipe_v3_0_5_viv__parameterized22 has unconnected port CLK
WARNING: [Synth 8-3331] design xbip_pipe_v3_0_5_viv__parameterized22 has unconnected port CE
WARNING: [Synth 8-3331] design xbip_pipe_v3_0_5_viv__parameterized22 has unconnected port SCLR
WARNING: [Synth 8-3331] design xbip_pipe_v3_0_5_viv__parameterized22 has unconnected port SSET
WARNING: [Synth 8-3331] design xbip_pipe_v3_0_5_viv__parameterized22 has unconnected port SINIT
WARNING: [Synth 8-3331] design xbip_pipe_v3_0_5_viv__parameterized17 has unconnected port SCLR
WARNING: [Synth 8-3331] design xbip_pipe_v3_0_5_viv__parameterized17 has unconnected port SSET
WARNING: [Synth 8-3331] design xbip_pipe_v3_0_5_viv__parameterized17 has unconnected port SINIT
WARNING: [Synth 8-3331] design xbip_pipe_v3_0_5_viv__parameterized19 has unconnected port SCLR
WARNING: [Synth 8-3331] design xbip_pipe_v3_0_5_viv__parameterized19 has unconnected port SSET
WARNING: [Synth 8-3331] design xbip_pipe_v3_0_5_viv__parameterized19 has unconnected port SINIT
WARNING: [Synth 8-3331] design xbip_pipe_v3_0_5_viv__parameterized15 has unconnected port SCLR
WARNING: [Synth 8-3331] design xbip_pipe_v3_0_5_viv__parameterized15 has unconnected port SSET
WARNING: [Synth 8-3331] design xbip_pipe_v3_0_5_viv__parameterized15 has unconnected port SINIT
WARNING: [Synth 8-3331] design xbip_pipe_v3_0_5_viv__parameterized13 has unconnected port SCLR
WARNING: [Synth 8-3331] design xbip_pipe_v3_0_5_viv__parameterized13 has unconnected port SSET
WARNING: [Synth 8-3331] design xbip_pipe_v3_0_5_viv__parameterized13 has unconnected port SINIT
WARNING: [Synth 8-3331] design sin_cos has unconnected port SCLR
WARNING: [Synth 8-3331] design xbip_pipe_v3_0_5_viv__parameterized7 has unconnected port SCLR
WARNING: [Synth 8-3331] design xbip_pipe_v3_0_5_viv__parameterized7 has unconnected port SSET
WARNING: [Synth 8-3331] design xbip_pipe_v3_0_5_viv__parameterized7 has unconnected port SINIT
WARNING: [Synth 8-3331] design xbip_pipe_v3_0_5_viv__parameterized5 has unconnected port CLK
WARNING: [Synth 8-3331] design xbip_pipe_v3_0_5_viv__parameterized5 has unconnected port CE
WARNING: [Synth 8-3331] design xbip_pipe_v3_0_5_viv__parameterized5 has unconnected port SCLR
WARNING: [Synth 8-3331] design xbip_pipe_v3_0_5_viv__parameterized5 has unconnected port SSET
WARNING: [Synth 8-3331] design xbip_pipe_v3_0_5_viv__parameterized5 has unconnected port SINIT
WARNING: [Synth 8-3331] design xbip_pipe_v3_0_5_viv__parameterized3 has unconnected port CLK
WARNING: [Synth 8-3331] design xbip_pipe_v3_0_5_viv__parameterized3 has unconnected port CE
WARNING: [Synth 8-3331] design xbip_pipe_v3_0_5_viv__parameterized3 has unconnected port SCLR
WARNING: [Synth 8-3331] design xbip_pipe_v3_0_5_viv__parameterized3 has unconnected port SSET
WARNING: [Synth 8-3331] design xbip_pipe_v3_0_5_viv__parameterized3 has unconnected port SINIT
WARNING: [Synth 8-3331] design accum has unconnected port chan_addr[0]
WARNING: [Synth 8-3331] design accum has unconnected port chan_addr_del2[0]
WARNING: [Synth 8-3331] design accum has unconnected port chan_addr_del3[0]
WARNING: [Synth 8-3331] design accum has unconnected port addr_i[3]
WARNING: [Synth 8-3331] design accum has unconnected port addr_i[2]
WARNING: [Synth 8-3331] design accum has unconnected port addr_i[1]
WARNING: [Synth 8-3331] design accum has unconnected port addr_i[0]
WARNING: [Synth 8-3331] design accum has unconnected port phase_inc_we
WARNING: [Synth 8-3331] design accum has unconnected port phase_adj_we
WARNING: [Synth 8-3331] design accum has unconnected port poff_in[15]
WARNING: [Synth 8-3331] design accum has unconnected port poff_in[14]
WARNING: [Synth 8-3331] design accum has unconnected port poff_in[13]
WARNING: [Synth 8-3331] design accum has unconnected port poff_in[12]
WARNING: [Synth 8-3331] design accum has unconnected port poff_in[11]
WARNING: [Synth 8-3331] design accum has unconnected port poff_in[10]
WARNING: [Synth 8-3331] design accum has unconnected port poff_in[9]
WARNING: [Synth 8-3331] design accum has unconnected port poff_in[8]
WARNING: [Synth 8-3331] design accum has unconnected port poff_in[7]
WARNING: [Synth 8-3331] design accum has unconnected port poff_in[6]
WARNING: [Synth 8-3331] design accum has unconnected port poff_in[5]
WARNING: [Synth 8-3331] design accum has unconnected port poff_in[4]
WARNING: [Synth 8-3331] design accum has unconnected port poff_in[3]
WARNING: [Synth 8-3331] design accum has unconnected port poff_in[2]
WARNING: [Synth 8-3331] design accum has unconnected port poff_in[1]
WARNING: [Synth 8-3331] design accum has unconnected port poff_in[0]
WARNING: [Synth 8-3331] design accum has unconnected port data_i[15]
WARNING: [Synth 8-3331] design accum has unconnected port data_i[14]
WARNING: [Synth 8-3331] design accum has unconnected port data_i[13]
WARNING: [Synth 8-3331] design accum has unconnected port data_i[12]
WARNING: [Synth 8-3331] design accum has unconnected port data_i[11]
WARNING: [Synth 8-3331] design accum has unconnected port data_i[10]
WARNING: [Synth 8-3331] design accum has unconnected port data_i[9]
WARNING: [Synth 8-3331] design accum has unconnected port data_i[8]
WARNING: [Synth 8-3331] design accum has unconnected port data_i[7]
WARNING: [Synth 8-3331] design accum has unconnected port data_i[6]
WARNING: [Synth 8-3331] design accum has unconnected port data_i[5]
WARNING: [Synth 8-3331] design accum has unconnected port data_i[4]
WARNING: [Synth 8-3331] design accum has unconnected port data_i[3]
WARNING: [Synth 8-3331] design accum has unconnected port data_i[2]
WARNING: [Synth 8-3331] design accum has unconnected port data_i[1]
WARNING: [Synth 8-3331] design accum has unconnected port data_i[0]
WARNING: [Synth 8-3331] design xbip_pipe_v3_0_5_viv__parameterized11 has unconnected port SCLR
WARNING: [Synth 8-3331] design xbip_pipe_v3_0_5_viv__parameterized11 has unconnected port SSET
WARNING: [Synth 8-3331] design xbip_pipe_v3_0_5_viv__parameterized11 has unconnected port SINIT
WARNING: [Synth 8-3331] design xbip_pipe_v3_0_5_viv__parameterized1 has unconnected port SCLR
WARNING: [Synth 8-3331] design xbip_pipe_v3_0_5_viv__parameterized1 has unconnected port SSET
WARNING: [Synth 8-3331] design xbip_pipe_v3_0_5_viv__parameterized1 has unconnected port SINIT
WARNING: [Synth 8-3331] design dds_compiler_v6_0_17_core has unconnected port RFD
WARNING: [Synth 8-3331] design dds_compiler_v6_0_17_core has unconnected port CHANNEL[0]
WARNING: [Synth 8-3331] design dds_compiler_v6_0_17_core has unconnected port COSINE[15]
WARNING: [Synth 8-3331] design dds_compiler_v6_0_17_core has unconnected port COSINE[14]
WARNING: [Synth 8-3331] design dds_compiler_v6_0_17_core has unconnected port COSINE[13]
WARNING: [Synth 8-3331] design dds_compiler_v6_0_17_core has unconnected port COSINE[12]
WARNING: [Synth 8-3331] design dds_compiler_v6_0_17_core has unconnected port COSINE[11]
WARNING: [Synth 8-3331] design dds_compiler_v6_0_17_core has unconnected port COSINE[10]
WARNING: [Synth 8-3331] design dds_compiler_v6_0_17_core has unconnected port COSINE[9]
WARNING: [Synth 8-3331] design dds_compiler_v6_0_17_core has unconnected port COSINE[8]
WARNING: [Synth 8-3331] design dds_compiler_v6_0_17_core has unconnected port COSINE[7]
WARNING: [Synth 8-3331] design dds_compiler_v6_0_17_core has unconnected port COSINE[6]
WARNING: [Synth 8-3331] design dds_compiler_v6_0_17_core has unconnected port COSINE[5]
WARNING: [Synth 8-3331] design dds_compiler_v6_0_17_core has unconnected port COSINE[4]
WARNING: [Synth 8-3331] design dds_compiler_v6_0_17_core has unconnected port COSINE[3]
INFO: [Common 17-14] Message 'Synth 8-3331' appears 100 times and further instances of the messages will be disabled. Use the Tcl command set_msg_config to change the current settings.
---------------------------------------------------------------------------------
Finished RTL Elaboration : Time (s): cpu = 00:00:52 ; elapsed = 00:00:54 . Memory (MB): peak = 676.012 ; gain = 350.844
---------------------------------------------------------------------------------

Report Check Netlist: 
+------+------------------+-------+---------+-------+------------------+
|      |Item              |Errors |Warnings |Status |Description       |
+------+------------------+-------+---------+-------+------------------+
|1     |multi_driven_nets |      0|        0|Passed |Multi driven nets |
+------+------------------+-------+---------+-------+------------------+
---------------------------------------------------------------------------------
Start Handling Custom Attributes
---------------------------------------------------------------------------------
---------------------------------------------------------------------------------
Finished Handling Custom Attributes : Time (s): cpu = 00:00:52 ; elapsed = 00:00:54 . Memory (MB): peak = 676.012 ; gain = 350.844
---------------------------------------------------------------------------------
---------------------------------------------------------------------------------
Finished RTL Optimization Phase 1 : Time (s): cpu = 00:00:52 ; elapsed = 00:00:54 . Memory (MB): peak = 676.012 ; gain = 350.844
---------------------------------------------------------------------------------
INFO: [Device 21-403] Loading part xc7z020clg400-2
INFO: [Project 1-570] Preparing netlist for logic optimization

Processing XDC Constraints
Initializing timing engine
Parsing XDC File [c:/Users/user/VivadoProjects/2018-3/pwm_demo/ip/dds_compiler_0_1/dds_compiler_0_ooc.xdc] for cell 'U0'
Finished Parsing XDC File [c:/Users/user/VivadoProjects/2018-3/pwm_demo/ip/dds_compiler_0_1/dds_compiler_0_ooc.xdc] for cell 'U0'
Parsing XDC File [C:/Users/user/VivadoProjects/2018-3/pwm_demo/pwm_demo.runs/dds_compiler_0_synth_1/dont_touch.xdc]
Finished Parsing XDC File [C:/Users/user/VivadoProjects/2018-3/pwm_demo/pwm_demo.runs/dds_compiler_0_synth_1/dont_touch.xdc]
Completed Processing XDC Constraints

Netlist sorting complete. Time (s): cpu = 00:00:00 ; elapsed = 00:00:00 . Memory (MB): peak = 861.457 ; gain = 0.000
INFO: [Project 1-111] Unisim Transformation Summary:
No Unisim elements were transformed.

Netlist sorting complete. Time (s): cpu = 00:00:00 ; elapsed = 00:00:00.001 . Memory (MB): peak = 861.457 ; gain = 0.000
Constraint Validation Runtime : Time (s): cpu = 00:00:00 ; elapsed = 00:00:00.041 . Memory (MB): peak = 862.961 ; gain = 1.504
---------------------------------------------------------------------------------
Finished Constraint Validation : Time (s): cpu = 00:01:03 ; elapsed = 00:01:07 . Memory (MB): peak = 862.961 ; gain = 537.793
---------------------------------------------------------------------------------
---------------------------------------------------------------------------------
Start Loading Part and Timing Information
---------------------------------------------------------------------------------
Loading part: xc7z020clg400-2
---------------------------------------------------------------------------------
Finished Loading Part and Timing Information : Time (s): cpu = 00:01:03 ; elapsed = 00:01:07 . Memory (MB): peak = 862.961 ; gain = 537.793
---------------------------------------------------------------------------------
---------------------------------------------------------------------------------
Start Applying 'set_property' XDC Constraints
---------------------------------------------------------------------------------
Applied set_property DONT_TOUCH = true for U0. (constraint file  C:/Users/user/VivadoProjects/2018-3/pwm_demo/pwm_demo.runs/dds_compiler_0_synth_1/dont_touch.xdc, line 9).
---------------------------------------------------------------------------------
Finished applying 'set_property' XDC Constraints : Time (s): cpu = 00:01:03 ; elapsed = 00:01:07 . Memory (MB): peak = 862.961 ; gain = 537.793
---------------------------------------------------------------------------------
INFO: [Synth 8-5547] Trying to map ROM "sin_cos_lut" into Block RAM due to explicit "ram_style" or "rom_style" specification
WARNING: [Synth 8-6040] Register i_rtl.i_quarter_table.i_has_sin.i_addr_mod_stage1.mod_sin_addr_reg driving address of a ROM cannot be packed in BRAM/URAM because of presence of initial value.
---------------------------------------------------------------------------------
Finished RTL Optimization Phase 2 : Time (s): cpu = 00:01:06 ; elapsed = 00:01:10 . Memory (MB): peak = 862.961 ; gain = 537.793
---------------------------------------------------------------------------------

Report RTL Partitions: 
+-+--------------+------------+----------+
| |RTL Partition |Replication |Instances |
+-+--------------+------------+----------+
+-+--------------+------------+----------+
---------------------------------------------------------------------------------
Start RTL Component Statistics 
---------------------------------------------------------------------------------
---------------------------------------------------------------------------------
Finished RTL Component Statistics 
---------------------------------------------------------------------------------
---------------------------------------------------------------------------------
Start RTL Hierarchical Component Statistics 
---------------------------------------------------------------------------------
---------------------------------------------------------------------------------
Finished RTL Hierarchical Component Statistics
---------------------------------------------------------------------------------
---------------------------------------------------------------------------------
Start Part Resource Summary
---------------------------------------------------------------------------------
Part Resources:
DSPs: 220 (col length:60)
BRAMs: 280 (col length: RAMB18 60 RAMB36 30)
---------------------------------------------------------------------------------
Finished Part Resource Summary
---------------------------------------------------------------------------------
---------------------------------------------------------------------------------
Start Cross Boundary and Area Optimization
---------------------------------------------------------------------------------
Warning: Parallel synthesis criteria is not met 
---------------------------------------------------------------------------------
Finished Cross Boundary and Area Optimization : Time (s): cpu = 00:01:07 ; elapsed = 00:01:11 . Memory (MB): peak = 862.961 ; gain = 537.793
---------------------------------------------------------------------------------
INFO: [Synth 8-6837] The timing for the instance U0/i_synth/i_0/i_dds/I_SINCOS.i_std_rom.i_rom/i_rtl.i_quarter_table.i_block_rom.i_pipe_1.pre_asyn_sin_RAM_op_reg_0 (implemented as a Block RAM) might be sub-optimal as no optional output register could be merged into the block ram. Providing additional output register may help in improving timing.
INFO: [Synth 8-6837] The timing for the instance U0/i_synth/i_0/i_dds/I_SINCOS.i_std_rom.i_rom/i_rtl.i_quarter_table.i_block_rom.i_pipe_1.pre_asyn_sin_RAM_op_reg_1 (implemented as a Block RAM) might be sub-optimal as no optional output register could be merged into the block ram. Providing additional output register may help in improving timing.
INFO: [Synth 8-6837] The timing for the instance U0/i_synth/i_0/i_dds/I_SINCOS.i_std_rom.i_rom/i_rtl.i_quarter_table.i_block_rom.i_pipe_1.pre_asyn_sin_RAM_op_reg_2 (implemented as a Block RAM) might be sub-optimal as no optional output register could be merged into the block ram. Providing additional output register may help in improving timing.
INFO: [Synth 8-6837] The timing for the instance U0/i_synth/i_0/i_dds/I_SINCOS.i_std_rom.i_rom/i_rtl.i_quarter_table.i_block_rom.i_pipe_1.pre_asyn_sin_RAM_op_reg_3 (implemented as a Block RAM) might be sub-optimal as no optional output register could be merged into the block ram. Providing additional output register may help in improving timing.
INFO: [Synth 8-6837] The timing for the instance U0/i_synth/i_0/i_dds/I_SINCOS.i_std_rom.i_rom/i_rtl.i_quarter_table.i_block_rom.i_pipe_1.pre_asyn_sin_RAM_op_reg_4 (implemented as a Block RAM) might be sub-optimal as no optional output register could be merged into the block ram. Providing additional output register may help in improving timing.
INFO: [Synth 8-6837] The timing for the instance U0/i_synth/i_0/i_dds/I_SINCOS.i_std_rom.i_rom/i_rtl.i_quarter_table.i_block_rom.i_pipe_1.pre_asyn_sin_RAM_op_reg_5 (implemented as a Block RAM) might be sub-optimal as no optional output register could be merged into the block ram. Providing additional output register may help in improving timing.
INFO: [Synth 8-6837] The timing for the instance U0/i_synth/i_0/i_dds/I_SINCOS.i_std_rom.i_rom/i_rtl.i_quarter_table.i_block_rom.i_pipe_1.pre_asyn_sin_RAM_op_reg_6 (implemented as a Block RAM) might be sub-optimal as no optional output register could be merged into the block ram. Providing additional output register may help in improving timing.
INFO: [Synth 8-6837] The timing for the instance U0/i_synth/i_0/i_dds/I_SINCOS.i_std_rom.i_rom/i_rtl.i_quarter_table.i_block_rom.i_pipe_1.pre_asyn_sin_RAM_op_reg_7 (implemented as a Block RAM) might be sub-optimal as no optional output register could be merged into the block ram. Providing additional output register may help in improving timing.

Report RTL Partitions: 
+-+--------------+------------+----------+
| |RTL Partition |Replication |Instances |
+-+--------------+------------+----------+
+-+--------------+------------+----------+
---------------------------------------------------------------------------------
Start Applying XDC Timing Constraints
---------------------------------------------------------------------------------
---------------------------------------------------------------------------------
Finished Applying XDC Timing Constraints : Time (s): cpu = 00:01:18 ; elapsed = 00:01:22 . Memory (MB): peak = 864.684 ; gain = 539.516
---------------------------------------------------------------------------------
---------------------------------------------------------------------------------
Start Timing Optimization
---------------------------------------------------------------------------------
---------------------------------------------------------------------------------
Finished Timing Optimization : Time (s): cpu = 00:01:19 ; elapsed = 00:01:22 . Memory (MB): peak = 881.168 ; gain = 556.000
---------------------------------------------------------------------------------

Report RTL Partitions: 
+-+--------------+------------+----------+
| |RTL Partition |Replication |Instances |
+-+--------------+------------+----------+
+-+--------------+------------+----------+
---------------------------------------------------------------------------------
Start Technology Mapping
---------------------------------------------------------------------------------
---------------------------------------------------------------------------------
Finished Technology Mapping : Time (s): cpu = 00:01:19 ; elapsed = 00:01:23 . Memory (MB): peak = 893.125 ; gain = 567.957
---------------------------------------------------------------------------------

Report RTL Partitions: 
+-+--------------+------------+----------+
| |RTL Partition |Replication |Instances |
+-+--------------+------------+----------+
+-+--------------+------------+----------+
---------------------------------------------------------------------------------
Start IO Insertion
---------------------------------------------------------------------------------
---------------------------------------------------------------------------------
Start Flattening Before IO Insertion
---------------------------------------------------------------------------------
---------------------------------------------------------------------------------
Finished Flattening Before IO Insertion
---------------------------------------------------------------------------------
---------------------------------------------------------------------------------
Start Final Netlist Cleanup
---------------------------------------------------------------------------------
---------------------------------------------------------------------------------
Finished Final Netlist Cleanup
---------------------------------------------------------------------------------
---------------------------------------------------------------------------------
Finished IO Insertion : Time (s): cpu = 00:01:20 ; elapsed = 00:01:24 . Memory (MB): peak = 893.125 ; gain = 567.957
---------------------------------------------------------------------------------

Report Check Netlist: 
+------+------------------+-------+---------+-------+------------------+
|      |Item              |Errors |Warnings |Status |Description       |
+------+------------------+-------+---------+-------+------------------+
|1     |multi_driven_nets |      0|        0|Passed |Multi driven nets |
+------+------------------+-------+---------+-------+------------------+
---------------------------------------------------------------------------------
Start Renaming Generated Instances
---------------------------------------------------------------------------------
---------------------------------------------------------------------------------
Finished Renaming Generated Instances : Time (s): cpu = 00:01:20 ; elapsed = 00:01:24 . Memory (MB): peak = 893.125 ; gain = 567.957
---------------------------------------------------------------------------------

Report RTL Partitions: 
+-+--------------+------------+----------+
| |RTL Partition |Replication |Instances |
+-+--------------+------------+----------+
+-+--------------+------------+----------+
---------------------------------------------------------------------------------
Start Rebuilding User Hierarchy
---------------------------------------------------------------------------------
---------------------------------------------------------------------------------
Finished Rebuilding User Hierarchy : Time (s): cpu = 00:01:20 ; elapsed = 00:01:24 . Memory (MB): peak = 893.125 ; gain = 567.957
---------------------------------------------------------------------------------
---------------------------------------------------------------------------------
Start Renaming Generated Ports
---------------------------------------------------------------------------------
---------------------------------------------------------------------------------
Finished Renaming Generated Ports : Time (s): cpu = 00:01:20 ; elapsed = 00:01:24 . Memory (MB): peak = 893.125 ; gain = 567.957
---------------------------------------------------------------------------------
---------------------------------------------------------------------------------
Start Handling Custom Attributes
---------------------------------------------------------------------------------
---------------------------------------------------------------------------------
Finished Handling Custom Attributes : Time (s): cpu = 00:01:20 ; elapsed = 00:01:24 . Memory (MB): peak = 893.125 ; gain = 567.957
---------------------------------------------------------------------------------
---------------------------------------------------------------------------------
Start Renaming Generated Nets
---------------------------------------------------------------------------------
---------------------------------------------------------------------------------
Finished Renaming Generated Nets : Time (s): cpu = 00:01:20 ; elapsed = 00:01:24 . Memory (MB): peak = 893.125 ; gain = 567.957
---------------------------------------------------------------------------------
---------------------------------------------------------------------------------
Start Writing Synthesis Report
---------------------------------------------------------------------------------

Report BlackBoxes: 
+-+--------------+----------+
| |BlackBox name |Instances |
+-+--------------+----------+
+-+--------------+----------+

Report Cell Usage: 
+------+------------+------+
|      |Cell        |Count |
+------+------------+------+
|1     |CARRY4      |     5|
|2     |LUT1        |     2|
|3     |LUT2        |    26|
|4     |LUT3        |    17|
|5     |LUT4        |     7|
|6     |LUT5        |     7|
|7     |LUT6        |    12|
|8     |RAMB18E1_2  |     1|
|9     |RAMB36E1_14 |     1|
|10    |RAMB36E1_15 |     1|
|11    |RAMB36E1_16 |     1|
|12    |RAMB36E1_17 |     1|
|13    |RAMB36E1_18 |     1|
|14    |RAMB36E1_19 |     1|
|15    |RAMB36E1_20 |     1|
|16    |SRL16E      |    19|
|17    |FDRE        |   172|
+------+------------+------+
---------------------------------------------------------------------------------
Finished Writing Synthesis Report : Time (s): cpu = 00:01:20 ; elapsed = 00:01:24 . Memory (MB): peak = 893.125 ; gain = 567.957
---------------------------------------------------------------------------------
Synthesis finished with 0 errors, 0 critical warnings and 16 warnings.
Synthesis Optimization Runtime : Time (s): cpu = 00:00:20 ; elapsed = 00:01:15 . Memory (MB): peak = 893.125 ; gain = 381.008
Synthesis Optimization Complete : Time (s): cpu = 00:01:20 ; elapsed = 00:01:24 . Memory (MB): peak = 893.125 ; gain = 567.957
INFO: [Project 1-571] Translating synthesized netlist
INFO: [Netlist 29-17] Analyzing 13 Unisim elements for replacement
INFO: [Netlist 29-28] Unisim Transformation completed in 0 CPU seconds
INFO: [Project 1-570] Preparing netlist for logic optimization
INFO: [Opt 31-138] Pushed 0 inverter(s) to 0 load pin(s).
Netlist sorting complete. Time (s): cpu = 00:00:00 ; elapsed = 00:00:00 . Memory (MB): peak = 895.602 ; gain = 0.000
INFO: [Project 1-111] Unisim Transformation Summary:
No Unisim elements were transformed.

INFO: [Common 17-83] Releasing license: Synthesis
24 Infos, 108 Warnings, 0 Critical Warnings and 0 Errors encountered.
synth_design completed successfully
synth_design: Time (s): cpu = 00:01:22 ; elapsed = 00:01:27 . Memory (MB): peak = 895.613 ; gain = 581.918
Netlist sorting complete. Time (s): cpu = 00:00:00 ; elapsed = 00:00:00 . Memory (MB): peak = 895.613 ; gain = 0.000
WARNING: [Constraints 18-5210] No constraints selected for write.
Resolution: This message can indicate that there are no constraints for the design, or it can indicate that the used_in flags are set such that the constraints are ignored. This later case is used when running synth_design to not write synthesis constraints to the resulting checkpoint. Instead, project constraints are read when the synthesized design is opened.
INFO: [Common 17-1381] The checkpoint 'C:/Users/user/VivadoProjects/2018-3/pwm_demo/pwm_demo.runs/dds_compiler_0_synth_1/dds_compiler_0.dcp' has been generated.
INFO: [Coretcl 2-1648] Added synthesis output to IP cache for IP dds_compiler_0, cache-ID = 60847d9a8f315aae
INFO: [Coretcl 2-1174] Renamed 23 cell refs.
Netlist sorting complete. Time (s): cpu = 00:00:00 ; elapsed = 00:00:00.001 . Memory (MB): peak = 895.613 ; gain = 0.000
WARNING: [Constraints 18-5210] No constraints selected for write.
Resolution: This message can indicate that there are no constraints for the design, or it can indicate that the used_in flags are set such that the constraints are ignored. This later case is used when running synth_design to not write synthesis constraints to the resulting checkpoint. Instead, project constraints are read when the synthesized design is opened.
INFO: [Common 17-1381] The checkpoint 'C:/Users/user/VivadoProjects/2018-3/pwm_demo/pwm_demo.runs/dds_compiler_0_synth_1/dds_compiler_0.dcp' has been generated.
INFO: [runtcl-4] Executing : report_utilization -file dds_compiler_0_utilization_synth.rpt -pb dds_compiler_0_utilization_synth.pb
INFO: [Common 17-206] Exiting Vivado at Sun Jun  9 13:39:15 2024...
