Copyright 1986-2018 Xilinx, Inc. All Rights Reserved.
-----------------------------------------------------------------------------------------
| Tool Version : Vivado v.2018.3 (win64) Build 2405991 Thu Dec  6 23:38:27 MST 2018
| Date         : Fri Jul  5 12:42:49 2024
| Host         : DESKTOP-6SKDS4P running 64-bit major release  (build 9200)
| Command      : report_control_sets -verbose -file pwm_platform_control_sets_placed.rpt
| Design       : pwm_platform
| Device       : xc7z010
-----------------------------------------------------------------------------------------

Control Set Information

Table of Contents
-----------------
1. Summary
2. Histogram
3. Flip-Flop Distribution
4. Detailed Control Set Information

1. Summary
----------

+----------------------------------------------------------+-------+
|                          Status                          | Count |
+----------------------------------------------------------+-------+
| Number of unique control sets                            |     4 |
| Unused register locations in slices containing registers |    13 |
+----------------------------------------------------------+-------+


2. Histogram
------------

+--------+--------------+
| Fanout | Control Sets |
+--------+--------------+
|      1 |            1 |
|      8 |            1 |
|    16+ |            2 |
+--------+--------------+


3. Flip-Flop Distribution
-------------------------

+--------------+-----------------------+------------------------+-----------------+--------------+
| Clock Enable | Synchronous Set/Reset | Asynchronous Set/Reset | Total Registers | Total Slices |
+--------------+-----------------------+------------------------+-----------------+--------------+
| No           | No                    | No                     |              99 |           33 |
| No           | No                    | Yes                    |               0 |            0 |
| No           | Yes                   | No                     |               0 |            0 |
| Yes          | No                    | No                     |               8 |            3 |
| Yes          | No                    | Yes                    |               0 |            0 |
| Yes          | Yes                   | No                     |               0 |            0 |
+--------------+-----------------------+------------------------+-----------------+--------------+


4. Detailed Control Set Information
-----------------------------------

+-------------------------------+---------------+------------------+------------------+----------------+
|          Clock Signal         | Enable Signal | Set/Reset Signal | Slice Load Count | Bel Load Count |
+-------------------------------+---------------+------------------+------------------+----------------+
|  sync_resolution_button_state |               |                  |                1 |              1 |
|  clk_mmcm_2_BUFG              | enable        |                  |                3 |              8 |
|  clk_mmcm_1_BUFG              |               |                  |                4 |             16 |
|  clk_mmcm_2_BUFG              |               |                  |               28 |             83 |
+-------------------------------+---------------+------------------+------------------+----------------+


